<?xml version="1.0" encoding="UTF-8"?>
<testsuite xmlns:xsi="http://www.w3.org/2001/XMLSchema-instance" xsi:noNamespaceSchemaLocation="https://maven.apache.org/surefire/maven-surefire-plugin/xsd/surefire-test-report.xsd" name="com.vending.service.VendingDaoImplTest" time="0.166" tests="2" errors="0" skipped="0" failures="0">
  <properties>
[...]
</properties>
  <testcase name="getCoinsValueTest" classname="com.vending.service.VendingDaoImplTest" time="0.097"/>
  <testcase name="saveInFileTest" classname="com.vending.service.VendingDaoImplTest" time="0.055"/>
</testsuite>